#
# There is insufficient memory for the Java Runtime Environment to continue.
# Native memory allocation (malloc) failed to allocate 1048576 bytes for AllocateHeap
# Possible reasons:
#   The system is out of physical RAM or swap space
#   The process is running with CompressedOops enabled, and the Java Heap may be blocking the growth of the native heap
# Possible solutions:
#   Reduce memory load on the system
#   Increase physical memory or swap space
#   Check if swap backing store is full
#   Decrease Java heap size (-Xmx/-Xms)
#   Decrease number of Java threads
#


V  [jvm.dll+0x78b31f]
V  [jvm.dll+0x78c9c1]
V  [jvm.dll+0x78cf75]
V  [jvm.dll+0x78cf2b]
V  [jvm.dll+0x638b84]
V  [jvm.dll+0x638f58]
C  [ntdll.dll+0x9f7dd]
C  [ntdll.dll+0xd856]
C  [ntdll.dll+0x9e70e]
C  0x0000025fb15f0bad

VM_Operation (0x000000fe272fd600): CollectForMetadataAllocation, mode: safepoint, requested by thread 0x0000025fcc51a000


---------------  P R O C E S S  ---------------

Threads class SMR info:
_java_thread_list=0x0000025fceaae5f0, length=31, elements={
0x0000025fc9c34000, 0x0000025fc9c35800, 0x0000025fc9c3e800, 0x0000025fca55b800,
0x0000025fca55f000, 0x0000025fca56d000, 0x0000025fc9c15800, 0x0000025fcaa1d800,
0x0000025fcaa1f000, 0x0000025fcab67000, 0x0000025fcc2f7800, 0x0000025fcc337800,
0x0000025fce595800, 0x0000025fce5a7000, 0x0000025fce5b6000, 0x0000025fcc519000,
0x0000025fcc51a000, 0x0000025fcc51b800, 0x0000025fcc518800, 0x0000025fcc51c800,
0x0000025fcc51a800, 0x0000025fcc51d000, 0x0000025fcc51e000, 0x0000025fcc51f000,
0x0000025fcea7b000, 0x0000025fcea7c800, 0x0000025fcea7c000, 0x0000025fcea7d800,
0x0000025fcea7f000, 0x0000025fcea7e800, 0x0000025fcea80000
}

Java Threads: ( => current thread )
  0x0000025fc9c34000 JavaThread "Reference Handler" daemon [_thread_blocked, id=8324, stack(0x000000fe25a00000,0x000000fe25b00000)]
  0x0000025fc9c35800 JavaThread "Finalizer" daemon [_thread_blocked, id=1360, stack(0x000000fe25b00000,0x000000fe25c00000)]
  0x0000025fc9c3e800 JavaThread "Signal Dispatcher" daemon [_thread_blocked, id=4100, stack(0x000000fe25c00000,0x000000fe25d00000)]
  0x0000025fca55b800 JavaThread "Attach Listener" daemon [_thread_blocked, id=14516, stack(0x000000fe25d00000,0x000000fe25e00000)]
  0x0000025fca55f000 JavaThread "C1 CompilerThread0" daemon [_thread_blocked, id=15032, stack(0x000000fe25e00000,0x000000fe25f00000)]
  0x0000025fca56d000 JavaThread "Sweeper thread" daemon [_thread_blocked, id=16268, stack(0x000000fe25f00000,0x000000fe26000000)]
  0x0000025fc9c15800 JavaThread "Common-Cleaner" daemon [_thread_blocked, id=16240, stack(0x000000fe26000000,0x000000fe26100000)]
  0x0000025fcaa1d800 JavaThread "Monitor Ctrl-Break" daemon [_thread_in_native, id=14760, stack(0x000000fe26100000,0x000000fe26200000)]
  0x0000025fcaa1f000 JavaThread "Service Thread" daemon [_thread_blocked, id=4148, stack(0x000000fe26200000,0x000000fe26300000)]
  0x0000025fcab67000 JavaThread "RMI TCP Accept-0" daemon [_thread_in_native, id=6996, stack(0x000000fe26300000,0x000000fe26400000)]
  0x0000025fcc2f7800 JavaThread "PostgreSQL-JDBC-SharedTimer-1" daemon [_thread_blocked, id=16748, stack(0x000000fe26b00000,0x000000fe26c00000)]
  0x0000025fcc337800 JavaThread "HikariPool-1 housekeeper" daemon [_thread_blocked, id=13464, stack(0x000000fe26c00000,0x000000fe26d00000)]
  0x0000025fce595800 JavaThread "Catalina-utility-1" [_thread_blocked, id=9140, stack(0x000000fe26e00000,0x000000fe26f00000)]
  0x0000025fce5a7000 JavaThread "Catalina-utility-2" [_thread_blocked, id=16808, stack(0x000000fe26f00000,0x000000fe27000000)]
  0x0000025fce5b6000 JavaThread "container-0" [_thread_blocked, id=13576, stack(0x000000fe27000000,0x000000fe27100000)]
  0x0000025fcc519000 JavaThread "Live Reload Server" daemon [_thread_in_native, id=5132, stack(0x000000fe27100000,0x000000fe27200000)]
  0x0000025fcc51a000 JavaThread "File Watcher" daemon [_thread_blocked, id=5224, stack(0x000000fe27200000,0x000000fe27300000)]
  0x0000025fcc51b800 JavaThread "http-nio-8080-BlockPoller" daemon [_thread_in_native, id=15996, stack(0x000000fe27300000,0x000000fe27400000)]
  0x0000025fcc518800 JavaThread "http-nio-8080-exec-1" daemon [_thread_blocked, id=12216, stack(0x000000fe27400000,0x000000fe27500000)]
  0x0000025fcc51c800 JavaThread "http-nio-8080-exec-2" daemon [_thread_blocked, id=4052, stack(0x000000fe27500000,0x000000fe27600000)]
  0x0000025fcc51a800 JavaThread "http-nio-8080-exec-3" daemon [_thread_blocked, id=11316, stack(0x000000fe27600000,0x000000fe27700000)]
  0x0000025fcc51d000 JavaThread "http-nio-8080-exec-4" daemon [_thread_blocked, id=16076, stack(0x000000fe27700000,0x000000fe27800000)]
  0x0000025fcc51e000 JavaThread "http-nio-8080-exec-5" daemon [_thread_blocked, id=14024, stack(0x000000fe27800000,0x000000fe27900000)]
  0x0000025fcc51f000 JavaThread "http-nio-8080-exec-6" daemon [_thread_blocked, id=11084, stack(0x000000fe27900000,0x000000fe27a00000)]
  0x0000025fcea7b000 JavaThread "http-nio-8080-exec-7" daemon [_thread_blocked, id=11268, stack(0x000000fe27a00000,0x000000fe27b00000)]
  0x0000025fcea7c800 JavaThread "http-nio-8080-exec-8" daemon [_thread_blocked, id=16648, stack(0x000000fe27b00000,0x000000fe27c00000)]
  0x0000025fcea7c000 JavaThread "http-nio-8080-exec-9" daemon [_thread_blocked, id=11252, stack(0x000000fe27c00000,0x000000fe27d00000)]
  0x0000025fcea7d800 JavaThread "http-nio-8080-exec-10" daemon [_thread_blocked, id=8560, stack(0x000000fe27d00000,0x000000fe27e00000)]
  0x0000025fcea7f000 JavaThread "http-nio-8080-ClientPoller" daemon [_thread_in_native, id=12232, stack(0x000000fe27e00000,0x000000fe27f00000)]
  0x0000025fcea7e800 JavaThread "http-nio-8080-Acceptor" daemon [_thread_in_native, id=13584, stack(0x000000fe27f00000,0x000000fe28000000)]
  0x0000025fcea80000 JavaThread "DestroyJavaVM" [_thread_blocked, id=12816, stack(0x000000fe25300000,0x000000fe25400000)]

Other Threads:
=>0x0000025fc9c2b800 VMThread "VM Thread" [stack: 0x000000fe25900000,0x000000fe25a00000] [id=3504]
  0x0000025fcab72800 WatcherThread [stack: 0x000000fe26400000,0x000000fe26500000] [id=17388]
  0x0000025fa9248000 GCTaskThread "GC Thread#0" [stack: 0x000000fe25400000,0x000000fe25500000] [id=15248]
  0x0000025fcab7d000 GCTaskThread "GC Thread#1" [stack: 0x000000fe26500000,0x000000fe26600000] [id=16616]
  0x0000025fcab7d800 GCTaskThread "GC Thread#2" [stack: 0x000000fe26600000,0x000000fe26700000] [id=11692]
  0x0000025fcaba8000 GCTaskThread "GC Thread#3" [stack: 0x000000fe26700000,0x000000fe26800000] [id=8124]
  0x0000025fa925d000 ConcurrentGCThread "G1 Main Marker" [stack: 0x000000fe25500000,0x000000fe25600000] [id=9220]
  0x0000025fa925f000 ConcurrentGCThread "G1 Conc#0" [stack: 0x000000fe25600000,0x000000fe25700000] [id=12920]
  0x0000025fc9aaa800 ConcurrentGCThread "G1 Refine#0" [stack: 0x000000fe25700000,0x000000fe25800000] [id=1932]
  0x0000025fcc1a3000 ConcurrentGCThread "G1 Refine#1" [stack: 0x000000fe26800000,0x000000fe26900000] [id=14664]
  0x0000025fce3ee800 ConcurrentGCThread "G1 Refine#2" [stack: 0x000000fe26900000,0x000000fe26a00000] [id=16592]
  0x0000025fce427000 ConcurrentGCThread "G1 Refine#3" [stack: 0x000000fe26d00000,0x000000fe26e00000] [id=16468]
  0x0000025fc9aae800 ConcurrentGCThread "G1 Young RemSet Sampling" [stack: 0x000000fe25800000,0x000000fe25900000] [id=2360]

Threads with active compile tasks:

VM state:at safepoint (normal execution)

VM Mutex/Monitor currently owned by a thread:  ([mutex/lock_event])
[0x0000025fa91f34b0] Threads_lock - owner thread: 0x0000025fc9c2b800
[0x0000025fa91f3420] Heap_lock - owner thread: 0x0000025fcc51a000

Heap address: 0x0000000741c00000, size: 3044 MB, Compressed Oops mode: Zero based, Oop shift amount: 3
Narrow klass base: 0x0000000800000000, Narrow klass shift: 3
Compressed class space size: 1073741824 Address: 0x00000008011a0000

Heap:
 garbage-first heap   total 196608K, used 69025K [0x0000000741c00000, 0x0000000800000000)
  region size 1024K, 1 young (1024K), 1 survivors (1024K)
 Metaspace       used 55538K, capacity 57161K, committed 57372K, reserved 1097728K
  class space    used 7674K, capacity 8298K, committed 8320K, reserved 1048576K
Heap Regions: E=young(eden), S=young(survivor), O=old, HS=humongous(starts), HC=humongous(continues), CS=collection set, F=free, A=archive, TAMS=top-at-mark-start (previous, next)
|   0|0x0000000741c00000, 0x0000000741d00000, 0x0000000741d00000|100%|HS|  |TAMS 0x0000000741d00000, 0x0000000741d00000| Complete 
|   1|0x0000000741d00000, 0x0000000741e00000, 0x0000000741e00000|100%| O|  |TAMS 0x0000000741e00000, 0x0000000741e00000| Untracked 
|   2|0x0000000741e00000, 0x0000000741f00000, 0x0000000741f00000|100%| O|  |TAMS 0x0000000741e00000, 0x0000000741f00000| Untracked 
|   3|0x0000000741f00000, 0x0000000742000000, 0x0000000742000000|100%| O|  |TAMS 0x0000000742000000, 0x0000000742000000| Untracked 
|   4|0x0000000742000000, 0x0000000742100000, 0x0000000742100000|100%| O|  |TAMS 0x0000000742100000, 0x0000000742100000| Untracked 
|   5|0x0000000742100000, 0x0000000742200000, 0x0000000742200000|100%| O|  |TAMS 0x0000000742200000, 0x0000000742200000| Untracked 
|   6|0x0000000742200000, 0x0000000742300000, 0x0000000742300000|100%| O|  |TAMS 0x0000000742300000, 0x0000000742300000| Untracked 
|   7|0x0000000742300000, 0x0000000742400000, 0x0000000742400000|100%| O|  |TAMS 0x0000000742400000, 0x0000000742400000| Untracked 
|   8|0x0000000742400000, 0x0000000742500000, 0x0000000742500000|100%| O|  |TAMS 0x0000000742500000, 0x0000000742500000| Untracked 
|   9|0x0000000742500000, 0x0000000742600000, 0x0000000742600000|100%| O|  |TAMS 0x0000000742600000, 0x0000000742600000| Untracked 
|  10|0x0000000742600000, 0x0000000742700000, 0x0000000742700000|100%| O|  |TAMS 0x0000000742700000, 0x0000000742700000| Untracked 
|  11|0x0000000742700000, 0x0000000742800000, 0x0000000742800000|100%| O|  |TAMS 0x0000000742800000, 0x0000000742800000| Untracked 
|  12|0x0000000742800000, 0x0000000742900000, 0x0000000742900000|100%| O|  |TAMS 0x0000000742900000, 0x0000000742900000| Untracked 
|  13|0x0000000742900000, 0x0000000742a00000, 0x0000000742a00000|100%| O|  |TAMS 0x0000000742a00000, 0x0000000742a00000| Untracked 
|  14|0x0000000742a00000, 0x0000000742b00000, 0x0000000742b00000|100%| O|  |TAMS 0x0000000742b00000, 0x0000000742b00000| Untracked 
|  15|0x0000000742b00000, 0x0000000742c00000, 0x0000000742c00000|100%| O|  |TAMS 0x0000000742c00000, 0x0000000742c00000| Untracked 
|  16|0x0000000742c00000, 0x0000000742d00000, 0x0000000742d00000|100%| O|  |TAMS 0x0000000742d00000, 0x0000000742d00000| Untracked 
|  17|0x0000000742d00000, 0x0000000742e00000, 0x0000000742e00000|100%| O|  |TAMS 0x0000000742e00000, 0x0000000742e00000| Untracked 
|  18|0x0000000742e00000, 0x0000000742f00000, 0x0000000742f00000|100%| O|  |TAMS 0x0000000742f00000, 0x0000000742f00000| Untracked 
|  19|0x0000000742f00000, 0x0000000743000000, 0x0000000743000000|100%| O|  |TAMS 0x0000000743000000, 0x0000000743000000| Untracked 
|  20|0x0000000743000000, 0x0000000743100000, 0x0000000743100000|100%| O|  |TAMS 0x0000000743100000, 0x0000000743100000| Untracked 
|  21|0x0000000743100000, 0x0000000743200000, 0x0000000743200000|100%| O|  |TAMS 0x0000000743200000, 0x0000000743200000| Untracked 
|  22|0x0000000743200000, 0x0000000743300000, 0x0000000743300000|100%| O|  |TAMS 0x0000000743300000, 0x0000000743300000| Untracked 
|  23|0x0000000743300000, 0x0000000743400000, 0x0000000743400000|100%| O|  |TAMS 0x0000000743400000, 0x0000000743400000| Untracked 
|  24|0x0000000743400000, 0x0000000743500000, 0x0000000743500000|100%| O|  |TAMS 0x0000000743500000, 0x0000000743500000| Untracked 
|  25|0x0000000743500000, 0x0000000743600000, 0x0000000743600000|100%| O|  |TAMS 0x0000000743600000, 0x0000000743600000| Untracked 
|  26|0x0000000743600000, 0x0000000743700000, 0x0000000743700000|100%| O|  |TAMS 0x0000000743600000, 0x0000000743700000| Untracked 
|  27|0x0000000743700000, 0x0000000743800000, 0x0000000743800000|100%| O|  |TAMS 0x0000000743700000, 0x0000000743800000| Untracked 
|  28|0x0000000743800000, 0x0000000743900000, 0x0000000743900000|100%| O|  |TAMS 0x0000000743900000, 0x0000000743900000| Untracked 
|  29|0x0000000743900000, 0x0000000743a00000, 0x0000000743a00000|100%| O|  |TAMS 0x0000000743900000, 0x0000000743a00000| Untracked 
|  30|0x0000000743a00000, 0x0000000743b00000, 0x0000000743b00000|100%| O|  |TAMS 0x0000000743a00000, 0x0000000743b00000| Untracked 
|  31|0x0000000743b00000, 0x0000000743c00000, 0x0000000743c00000|100%| O|  |TAMS 0x0000000743c00000, 0x0000000743c00000| Untracked 
|  32|0x0000000743c00000, 0x0000000743d00000, 0x0000000743d00000|100%|HS|  |TAMS 0x0000000743d00000, 0x0000000743d00000| Complete 
|  33|0x0000000743d00000, 0x0000000743e00000, 0x0000000743e00000|100%| O|  |TAMS 0x0000000743d00000, 0x0000000743e00000| Untracked 
|  34|0x0000000743e00000, 0x0000000743f00000, 0x0000000743f00000|100%|HS|  |TAMS 0x0000000743f00000, 0x0000000743f00000| Complete 
|  35|0x0000000743f00000, 0x0000000744000000, 0x0000000744000000|100%|HC|  |TAMS 0x0000000744000000, 0x0000000744000000| Complete 
|  36|0x0000000744000000, 0x0000000744000000, 0x0000000744100000|  0%| F|  |TAMS 0x0000000744000000, 0x0000000744000000| Untracked 
|  37|0x0000000744100000, 0x0000000744100000, 0x0000000744200000|  0%| F|  |TAMS 0x0000000744100000, 0x0000000744100000| Untracked 
|  38|0x0000000744200000, 0x0000000744300000, 0x0000000744300000|100%| O|  |TAMS 0x0000000744200000, 0x0000000744300000| Untracked 
|  39|0x0000000744300000, 0x0000000744400000, 0x0000000744400000|100%| O|  |TAMS 0x0000000744400000, 0x0000000744400000| Untracked 
|  40|0x0000000744400000, 0x0000000744400000, 0x0000000744500000|  0%| F|  |TAMS 0x0000000744400000, 0x0000000744400000| Untracked 
|  41|0x0000000744500000, 0x0000000744600000, 0x0000000744600000|100%| O|  |TAMS 0x0000000744600000, 0x0000000744600000| Untracked 
|  42|0x0000000744600000, 0x0000000744644800, 0x0000000744700000| 26%| O|  |TAMS 0x0000000744600000, 0x0000000744644800| Untracked 
|  43|0x0000000744700000, 0x0000000744700000, 0x0000000744800000|  0%| F|  |TAMS 0x0000000744700000, 0x0000000744700000| Untracked 
|  44|0x0000000744800000, 0x0000000744800000, 0x0000000744900000|  0%| F|  |TAMS 0x0000000744800000, 0x0000000744800000| Untracked 
|  45|0x0000000744900000, 0x0000000744900000, 0x0000000744a00000|  0%| F|  |TAMS 0x0000000744900000, 0x0000000744900000| Untracked 
|  46|0x0000000744a00000, 0x0000000744b00000, 0x0000000744b00000|100%| O|  |TAMS 0x0000000744b00000, 0x0000000744b00000| Untracked 
|  47|0x0000000744b00000, 0x0000000744b00000, 0x0000000744c00000|  0%| F|  |TAMS 0x0000000744b00000, 0x0000000744b00000| Untracked 
|  48|0x0000000744c00000, 0x0000000744c00000, 0x0000000744d00000|  0%| F|  |TAMS 0x0000000744c00000, 0x0000000744c00000| Untracked 
|  49|0x0000000744d00000, 0x0000000744d00000, 0x0000000744e00000|  0%| F|  |TAMS 0x0000000744d00000, 0x0000000744d00000| Untracked 
|  50|0x0000000744e00000, 0x0000000744e00000, 0x0000000744f00000|  0%| F|  |TAMS 0x0000000744e00000, 0x0000000744e00000| Untracked 
|  51|0x0000000744f00000, 0x0000000744f00000, 0x0000000745000000|  0%| F|  |TAMS 0x0000000744f00000, 0x0000000744f00000| Untracked 
|  52|0x0000000745000000, 0x0000000745000000, 0x0000000745100000|  0%| F|  |TAMS 0x0000000745000000, 0x0000000745000000| Untracked 
|  53|0x0000000745100000, 0x0000000745100000, 0x0000000745200000|  0%| F|  |TAMS 0x0000000745100000, 0x0000000745100000| Untracked 
|  54|0x0000000745200000, 0x0000000745300000, 0x0000000745300000|100%| O|  |TAMS 0x0000000745300000, 0x0000000745300000| Untracked 
|  55|0x0000000745300000, 0x0000000745300000, 0x0000000745400000|  0%| F|  |TAMS 0x0000000745300000, 0x0000000745300000| Untracked 
|  56|0x0000000745400000, 0x0000000745500000, 0x0000000745500000|100%| O|  |TAMS 0x0000000745400000, 0x0000000745500000| Untracked 
|  57|0x0000000745500000, 0x0000000745600000, 0x0000000745600000|100%| O|  |TAMS 0x0000000745500000, 0x0000000745600000| Untracked 
|  58|0x0000000745600000, 0x0000000745700000, 0x0000000745700000|100%| O|  |TAMS 0x0000000745600000, 0x0000000745700000| Untracked 
|  59|0x0000000745700000, 0x0000000745800000, 0x0000000745800000|100%| O|  |TAMS 0x0000000745700000, 0x0000000745800000| Untracked 
|  60|0x0000000745800000, 0x0000000745900000, 0x0000000745900000|100%| O|  |TAMS 0x0000000745800000, 0x0000000745900000| Untracked 
|  61|0x0000000745900000, 0x0000000745a00000, 0x0000000745a00000|100%| O|  |TAMS 0x0000000745900000, 0x0000000745a00000| Untracked 
|  62|0x0000000745a00000, 0x0000000745b00000, 0x0000000745b00000|100%| O|  |TAMS 0x0000000745a00000, 0x0000000745b00000| Untracked 
|  63|0x0000000745b00000, 0x0000000745c00000, 0x0000000745c00000|100%| O|  |TAMS 0x0000000745b00000, 0x0000000745c00000| Untracked 
|  64|0x0000000745c00000, 0x0000000745d00000, 0x0000000745d00000|100%| O|  |TAMS 0x0000000745c00000, 0x0000000745d00000| Untracked 
|  65|0x0000000745d00000, 0x0000000745d00000, 0x0000000745e00000|  0%| F|  |TAMS 0x0000000745d00000, 0x0000000745d00000| Untracked 
|  66|0x0000000745e00000, 0x0000000745e00000, 0x0000000745f00000|  0%| F|  |TAMS 0x0000000745e00000, 0x0000000745e00000| Untracked 
|  67|0x0000000745f00000, 0x0000000746000000, 0x0000000746000000|100%|HS|  |TAMS 0x0000000746000000, 0x0000000746000000| Complete 
|  68|0x0000000746000000, 0x0000000746100000, 0x0000000746100000|100%|HS|  |TAMS 0x0000000746100000, 0x0000000746100000| Complete 
|  69|0x0000000746100000, 0x0000000746200000, 0x0000000746200000|100%| O|  |TAMS 0x0000000746100000, 0x0000000746200000| Untracked 
|  70|0x0000000746200000, 0x0000000746300000, 0x0000000746300000|100%| O|  |TAMS 0x0000000746200000, 0x0000000746300000| Untracked 
|  71|0x0000000746300000, 0x0000000746400000, 0x0000000746400000|100%| O|  |TAMS 0x0000000746300000, 0x0000000746400000| Untracked 
|  72|0x0000000746400000, 0x0000000746500000, 0x0000000746500000|100%| O|  |TAMS 0x0000000746400000, 0x0000000746500000| Untracked 
|  73|0x0000000746500000, 0x0000000746600000, 0x0000000746600000|100%| O|  |TAMS 0x0000000746500000, 0x0000000746600000| Untracked 
|  74|0x0000000746600000, 0x0000000746700000, 0x0000000746700000|100%| O|  |TAMS 0x0000000746600000, 0x0000000746700000| Untracked 
|  75|0x0000000746700000, 0x0000000746700000, 0x0000000746800000|  0%| F|  |TAMS 0x0000000746700000, 0x0000000746700000| Untracked 
|  76|0x0000000746800000, 0x0000000746800000, 0x0000000746900000|  0%| F|  |TAMS 0x0000000746800000, 0x0000000746800000| Untracked 
|  77|0x0000000746900000, 0x0000000746900000, 0x0000000746a00000|  0%| F|  |TAMS 0x0000000746900000, 0x0000000746900000| Untracked 
|  78|0x0000000746a00000, 0x0000000746a00000, 0x0000000746b00000|  0%| F|  |TAMS 0x0000000746a00000, 0x0000000746a00000| Untracked 
|  79|0x0000000746b00000, 0x0000000746b00000, 0x0000000746c00000|  0%| F|  |TAMS 0x0000000746b00000, 0x0000000746b00000| Untracked 
|  80|0x0000000746c00000, 0x0000000746c00000, 0x0000000746d00000|  0%| F|  |TAMS 0x0000000746c00000, 0x0000000746c00000| Untracked 
|  81|0x0000000746d00000, 0x0000000746d00000, 0x0000000746e00000|  0%| F|  |TAMS 0x0000000746d00000, 0x0000000746d00000| Untracked 
|  82|0x0000000746e00000, 0x0000000746e00000, 0x0000000746f00000|  0%| F|  |TAMS 0x0000000746e00000, 0x0000000746e00000| Untracked 
|  83|0x0000000746f00000, 0x0000000746f00000, 0x0000000747000000|  0%| F|  |TAMS 0x0000000746f00000, 0x0000000746f00000| Untracked 
|  84|0x0000000747000000, 0x0000000747000000, 0x0000000747100000|  0%| F|  |TAMS 0x0000000747000000, 0x0000000747000000| Untracked 
|  85|0x0000000747100000, 0x0000000747100000, 0x0000000747200000|  0%| F|  |TAMS 0x0000000747100000, 0x0000000747100000| Untracked 
|  86|0x0000000747200000, 0x0000000747200000, 0x0000000747300000|  0%| F|  |TAMS 0x0000000747200000, 0x0000000747200000| Untracked 
|  87|0x0000000747300000, 0x0000000747300000, 0x0000000747400000|  0%| F|  |TAMS 0x0000000747300000, 0x0000000747300000| Untracked 
|  88|0x0000000747400000, 0x0000000747400000, 0x0000000747500000|  0%| F|  |TAMS 0x0000000747400000, 0x0000000747400000| Untracked 
|  89|0x0000000747500000, 0x0000000747500000, 0x0000000747600000|  0%| F|  |TAMS 0x0000000747500000, 0x0000000747500000| Untracked 
|  90|0x0000000747600000, 0x0000000747600000, 0x0000000747700000|  0%| F|  |TAMS 0x0000000747600000, 0x0000000747600000| Untracked 
|  91|0x0000000747700000, 0x0000000747700000, 0x0000000747800000|  0%| F|  |TAMS 0x0000000747700000, 0x0000000747700000| Untracked 
|  92|0x0000000747800000, 0x0000000747800000, 0x0000000747900000|  0%| F|  |TAMS 0x0000000747800000, 0x0000000747800000| Untracked 
|  93|0x0000000747900000, 0x0000000747900000, 0x0000000747a00000|  0%| F|  |TAMS 0x0000000747900000, 0x0000000747900000| Untracked 
|  94|0x0000000747a00000, 0x0000000747a00000, 0x0000000747b00000|  0%| F|  |TAMS 0x0000000747a00000, 0x0000000747a00000| Untracked 
|  95|0x0000000747b00000, 0x0000000747b00000, 0x0000000747c00000|  0%| F|  |TAMS 0x0000000747b00000, 0x0000000747b00000| Untracked 
|  96|0x0000000747c00000, 0x0000000747c00000, 0x0000000747d00000|  0%| F|  |TAMS 0x0000000747c00000, 0x0000000747c00000| Untracked 
|  97|0x0000000747d00000, 0x0000000747d00000, 0x0000000747e00000|  0%| F|  |TAMS 0x0000000747d00000, 0x0000000747d00000| Untracked 
|  98|0x0000000747e00000, 0x0000000747e00000, 0x0000000747f00000|  0%| F|  |TAMS 0x0000000747e00000, 0x0000000747e00000| Untracked 
|  99|0x0000000747f00000, 0x0000000747f00000, 0x0000000748000000|  0%| F|  |TAMS 0x0000000747f00000, 0x0000000747f00000| Untracked 
| 100|0x0000000748000000, 0x0000000748000000, 0x0000000748100000|  0%| F|  |TAMS 0x0000000748000000, 0x0000000748000000| Untracked 
| 101|0x0000000748100000, 0x0000000748100000, 0x0000000748200000|  0%| F|  |TAMS 0x0000000748100000, 0x0000000748100000| Untracked 
| 102|0x0000000748200000, 0x0000000748200000, 0x0000000748300000|  0%| F|  |TAMS 0x0000000748200000, 0x0000000748200000| Untracked 
| 103|0x0000000748300000, 0x0000000748300000, 0x0000000748400000|  0%| F|  |TAMS 0x0000000748300000, 0x0000000748300000| Untracked 
| 104|0x0000000748400000, 0x0000000748400000, 0x0000000748500000|  0%| F|  |TAMS 0x0000000748400000, 0x0000000748400000| Untracked 
| 105|0x0000000748500000, 0x0000000748500000, 0x0000000748600000|  0%| F|  |TAMS 0x0000000748500000, 0x0000000748500000| Untracked 
| 106|0x0000000748600000, 0x0000000748600000, 0x0000000748700000|  0%| F|  |TAMS 0x0000000748600000, 0x0000000748600000| Untracked 
| 107|0x0000000748700000, 0x0000000748700000, 0x0000000748800000|  0%| F|  |TAMS 0x0000000748700000, 0x0000000748700000| Untracked 
| 108|0x0000000748800000, 0x0000000748800000, 0x0000000748900000|  0%| F|  |TAMS 0x0000000748800000, 0x0000000748800000| Untracked 
| 109|0x0000000748900000, 0x0000000748900000, 0x0000000748a00000|  0%| F|  |TAMS 0x0000000748900000, 0x0000000748900000| Untracked 
| 110|0x0000000748a00000, 0x0000000748a00000, 0x0000000748b00000|  0%| F|  |TAMS 0x0000000748a00000, 0x0000000748a00000| Untracked 
| 111|0x0000000748b00000, 0x0000000748b00000, 0x0000000748c00000|  0%| F|  |TAMS 0x0000000748b00000, 0x0000000748b00000| Untracked 
| 112|0x0000000748c00000, 0x0000000748c00000, 0x0000000748d00000|  0%| F|  |TAMS 0x0000000748c00000, 0x0000000748c00000| Untracked 
| 113|0x0000000748d00000, 0x0000000748d00000, 0x0000000748e00000|  0%| F|  |TAMS 0x0000000748d00000, 0x0000000748d00000| Untracked 
| 114|0x0000000748e00000, 0x0000000748e00000, 0x0000000748f00000|  0%| F|  |TAMS 0x0000000748e00000, 0x0000000748e00000| Untracked 
| 115|0x0000000748f00000, 0x0000000748f00000, 0x0000000749000000|  0%| F|  |TAMS 0x0000000748f00000, 0x0000000748f00000| Untracked 
| 116|0x0000000749000000, 0x0000000749000000, 0x0000000749100000|  0%| F|  |TAMS 0x0000000749000000, 0x0000000749000000| Untracked 
| 117|0x0000000749100000, 0x0000000749100000, 0x0000000749200000|  0%| F|  |TAMS 0x0000000749100000, 0x0000000749100000| Untracked 
| 118|0x0000000749200000, 0x0000000749200000, 0x0000000749300000|  0%| F|  |TAMS 0x0000000749200000, 0x0000000749200000| Untracked 
| 119|0x0000000749300000, 0x0000000749300000, 0x0000000749400000|  0%| F|  |TAMS 0x0000000749300000, 0x0000000749300000| Untracked 
| 120|0x0000000749400000, 0x0000000749400000, 0x0000000749500000|  0%| F|  |TAMS 0x0000000749400000, 0x0000000749400000| Untracked 
| 121|0x0000000749500000, 0x0000000749500000, 0x0000000749600000|  0%| F|  |TAMS 0x0000000749500000, 0x0000000749500000| Untracked 
| 122|0x0000000749600000, 0x0000000749600000, 0x0000000749700000|  0%| F|  |TAMS 0x0000000749600000, 0x0000000749600000| Untracked 
| 123|0x0000000749700000, 0x0000000749700000, 0x0000000749800000|  0%| F|  |TAMS 0x0000000749700000, 0x0000000749700000| Untracked 
| 124|0x0000000749800000, 0x0000000749800000, 0x0000000749900000|  0%| F|  |TAMS 0x0000000749800000, 0x0000000749800000| Untracked 
| 125|0x0000000749900000, 0x0000000749900000, 0x0000000749a00000|  0%| F|  |TAMS 0x0000000749900000, 0x0000000749900000| Untracked 
| 126|0x0000000749a00000, 0x0000000749a00000, 0x0000000749b00000|  0%| F|  |TAMS 0x0000000749a00000, 0x0000000749a00000| Untracked 
| 127|0x0000000749b00000, 0x0000000749b00000, 0x0000000749c00000|  0%| F|  |TAMS 0x0000000749b00000, 0x0000000749b00000| Untracked 
| 128|0x0000000749c00000, 0x0000000749c00000, 0x0000000749d00000|  0%| F|  |TAMS 0x0000000749c00000, 0x0000000749c00000| Untracked 
| 129|0x0000000749d00000, 0x0000000749d00000, 0x0000000749e00000|  0%| F|  |TAMS 0x0000000749d00000, 0x0000000749d00000| Untracked 
| 130|0x0000000749e00000, 0x0000000749e00000, 0x0000000749f00000|  0%| F|  |TAMS 0x0000000749e00000, 0x0000000749e00000| Untracked 
| 131|0x0000000749f00000, 0x0000000749f00000, 0x000000074a000000|  0%| F|  |TAMS 0x0000000749f00000, 0x0000000749f00000| Untracked 
| 132|0x000000074a000000, 0x000000074a000000, 0x000000074a100000|  0%| F|  |TAMS 0x000000074a000000, 0x000000074a000000| Untracked 
| 133|0x000000074a100000, 0x000000074a100000, 0x000000074a200000|  0%| F|  |TAMS 0x000000074a100000, 0x000000074a100000| Untracked 
| 134|0x000000074a200000, 0x000000074a200000, 0x000000074a300000|  0%| F|  |TAMS 0x000000074a200000, 0x000000074a200000| Untracked 
| 135|0x000000074a300000, 0x000000074a300000, 0x000000074a400000|  0%| F|  |TAMS 0x000000074a300000, 0x000000074a300000| Untracked 
| 136|0x000000074a400000, 0x000000074a400000, 0x000000074a500000|  0%| F|  |TAMS 0x000000074a400000, 0x000000074a400000| Untracked 
| 137|0x000000074a500000, 0x000000074a500000, 0x000000074a600000|  0%| F|  |TAMS 0x000000074a500000, 0x000000074a500000| Untracked 
| 138|0x000000074a600000, 0x000000074a600000, 0x000000074a700000|  0%| F|  |TAMS 0x000000074a600000, 0x000000074a600000| Untracked 
| 139|0x000000074a700000, 0x000000074a700000, 0x000000074a800000|  0%| F|  |TAMS 0x000000074a700000, 0x000000074a700000| Untracked 
| 140|0x000000074a800000, 0x000000074a800000, 0x000000074a900000|  0%| F|  |TAMS 0x000000074a800000, 0x000000074a800000| Untracked 
| 141|0x000000074a900000, 0x000000074a900000, 0x000000074aa00000|  0%| F|  |TAMS 0x000000074a900000, 0x000000074a900000| Untracked 
| 142|0x000000074aa00000, 0x000000074aa00000, 0x000000074ab00000|  0%| F|  |TAMS 0x000000074aa00000, 0x000000074aa00000| Untracked 
| 143|0x000000074ab00000, 0x000000074ab00000, 0x000000074ac00000|  0%| F|  |TAMS 0x000000074ab00000, 0x000000074ab00000| Untracked 
| 144|0x000000074ac00000, 0x000000074ac00000, 0x000000074ad00000|  0%| F|  |TAMS 0x000000074ac00000, 0x000000074ac00000| Untracked 
| 145|0x000000074ad00000, 0x000000074ad23f70, 0x000000074ae00000| 14%| S|CS|TAMS 0x000000074ad00000, 0x000000074ad00000| Complete 
| 146|0x000000074ae00000, 0x000000074ae00000, 0x000000074af00000|  0%| F|  |TAMS 0x000000074ae00000, 0x000000074ae00000| Untracked 
| 147|0x000000074af00000, 0x000000074af00000, 0x000000074b000000|  0%| F|  |TAMS 0x000000074af00000, 0x000000074af00000| Untracked 
| 148|0x000000074b000000, 0x000000074b000000, 0x000000074b100000|  0%| F|  |TAMS 0x000000074b000000, 0x000000074b000000| Untracked 
| 149|0x000000074b100000, 0x000000074b100000, 0x000000074b200000|  0%| F|  |TAMS 0x000000074b100000, 0x000000074b100000| Untracked 
| 150|0x000000074b200000, 0x000000074b200000, 0x000000074b300000|  0%| F|  |TAMS 0x000000074b200000, 0x000000074b200000| Untracked 
| 151|0x000000074b300000, 0x000000074b300000, 0x000000074b400000|  0%| F|  |TAMS 0x000000074b300000, 0x000000074b300000| Untracked 
| 152|0x000000074b400000, 0x000000074b400000, 0x000000074b500000|  0%| F|  |TAMS 0x000000074b400000, 0x000000074b400000| Untracked 
| 153|0x000000074b500000, 0x000000074b500000, 0x000000074b600000|  0%| F|  |TAMS 0x000000074b500000, 0x000000074b500000| Untracked 
| 154|0x000000074b600000, 0x000000074b600000, 0x000000074b700000|  0%| F|  |TAMS 0x000000074b600000, 0x000000074b600000| Untracked 
| 155|0x000000074b700000, 0x000000074b700000, 0x000000074b800000|  0%| F|  |TAMS 0x000000074b700000, 0x000000074b700000| Untracked 
| 156|0x000000074b800000, 0x000000074b800000, 0x000000074b900000|  0%| F|  |TAMS 0x000000074b800000, 0x000000074b800000| Untracked 
| 157|0x000000074b900000, 0x000000074b900000, 0x000000074ba00000|  0%| F|  |TAMS 0x000000074b900000, 0x000000074b900000| Untracked 
| 158|0x000000074ba00000, 0x000000074ba00000, 0x000000074bb00000|  0%| F|  |TAMS 0x000000074ba00000, 0x000000074ba00000| Untracked 
| 159|0x000000074bb00000, 0x000000074bb00000, 0x000000074bc00000|  0%| F|  |TAMS 0x000000074bb00000, 0x000000074bb00000| Untracked 
| 160|0x000000074bc00000, 0x000000074bc00000, 0x000000074bd00000|  0%| F|  |TAMS 0x000000074bc00000, 0x000000074bc00000| Untracked 
| 161|0x000000074bd00000, 0x000000074bd00000, 0x000000074be00000|  0%| F|  |TAMS 0x000000074bd00000, 0x000000074bd00000| Untracked 
| 162|0x000000074be00000, 0x000000074be00000, 0x000000074bf00000|  0%| F|  |TAMS 0x000000074be00000, 0x000000074be00000| Untracked 
| 163|0x000000074bf00000, 0x000000074bf00000, 0x000000074c000000|  0%| F|  |TAMS 0x000000074bf00000, 0x000000074bf00000| Untracked 
| 164|0x000000074c000000, 0x000000074c000000, 0x000000074c100000|  0%| F|  |TAMS 0x000000074c000000, 0x000000074c000000| Untracked 
| 165|0x000000074c100000, 0x000000074c100000, 0x000000074c200000|  0%| F|  |TAMS 0x000000074c100000, 0x000000074c100000| Untracked 
| 166|0x000000074c200000, 0x000000074c200000, 0x000000074c300000|  0%| F|  |TAMS 0x000000074c200000, 0x000000074c200000| Untracked 
| 167|0x000000074c300000, 0x000000074c300000, 0x000000074c400000|  0%| F|  |TAMS 0x000000074c300000, 0x000000074c300000| Untracked 
| 168|0x000000074c400000, 0x000000074c400000, 0x000000074c500000|  0%| F|  |TAMS 0x000000074c400000, 0x000000074c400000| Untracked 
| 169|0x000000074c500000, 0x000000074c500000, 0x000000074c600000|  0%| F|  |TAMS 0x000000074c500000, 0x000000074c500000| Untracked 
| 170|0x000000074c600000, 0x000000074c600000, 0x000000074c700000|  0%| F|  |TAMS 0x000000074c600000, 0x000000074c600000| Untracked 
| 171|0x000000074c700000, 0x000000074c700000, 0x000000074c800000|  0%| F|  |TAMS 0x000000074c700000, 0x000000074c700000| Untracked 
| 172|0x000000074c800000, 0x000000074c800000, 0x000000074c900000|  0%| F|  |TAMS 0x000000074c800000, 0x000000074c800000| Untracked 
| 173|0x000000074c900000, 0x000000074c900000, 0x000000074ca00000|  0%| F|  |TAMS 0x000000074c900000, 0x000000074c900000| Untracked 
| 174|0x000000074ca00000, 0x000000074ca00000, 0x000000074cb00000|  0%| F|  |TAMS 0x000000074ca00000, 0x000000074ca00000| Untracked 
| 175|0x000000074cb00000, 0x000000074cb00000, 0x000000074cc00000|  0%| F|  |TAMS 0x000000074cb00000, 0x000000074cb00000| Untracked 
| 176|0x000000074cc00000, 0x000000074cd00000, 0x000000074cd00000|100%| O|  |TAMS 0x000000074cd00000, 0x000000074cd00000| Untracked 
| 177|0x000000074cd00000, 0x000000074ce00000, 0x000000074ce00000|100%| O|  |TAMS 0x000000074ce00000, 0x000000074ce00000| Untracked 
| 178|0x000000074ce00000, 0x000000074cf00000, 0x000000074cf00000|100%| O|  |TAMS 0x000000074cf00000, 0x000000074cf00000| Untracked 
| 179|0x000000074cf00000, 0x000000074d000000, 0x000000074d000000|100%| O|  |TAMS 0x000000074d000000, 0x000000074d000000| Untracked 
| 180|0x000000074d000000, 0x000000074d100000, 0x000000074d100000|100%| O|  |TAMS 0x000000074d100000, 0x000000074d100000| Untracked 
| 181|0x000000074d100000, 0x000000074d200000, 0x000000074d200000|100%| O|  |TAMS 0x000000074d200000, 0x000000074d200000| Untracked 
| 182|0x000000074d200000, 0x000000074d200000, 0x000000074d300000|  0%| F|  |TAMS 0x000000074d200000, 0x000000074d200000| Untracked 
| 183|0x000000074d300000, 0x000000074d300000, 0x000000074d400000|  0%| F|  |TAMS 0x000000074d300000, 0x000000074d300000| Untracked 
| 184|0x000000074d400000, 0x000000074d400000, 0x000000074d500000|  0%| F|  |TAMS 0x000000074d400000, 0x000000074d400000| Untracked 
| 185|0x000000074d500000, 0x000000074d600000, 0x000000074d600000|100%| O|  |TAMS 0x000000074d600000, 0x000000074d600000| Untracked 
| 186|0x000000074d600000, 0x000000074d700000, 0x000000074d700000|100%| O|  |TAMS 0x000000074d700000, 0x000000074d700000| Untracked 
| 187|0x000000074d700000, 0x000000074d700000, 0x000000074d800000|  0%| F|  |TAMS 0x000000074d700000, 0x000000074d700000| Untracked 
| 188|0x000000074d800000, 0x000000074d800000, 0x000000074d900000|  0%| F|  |TAMS 0x000000074d800000, 0x000000074d800000| Untracked 
| 189|0x000000074d900000, 0x000000074d900000, 0x000000074da00000|  0%| F|  |TAMS 0x000000074d900000, 0x000000074d900000| Untracked 
| 190|0x000000074da00000, 0x000000074db00000, 0x000000074db00000|100%| O|  |TAMS 0x000000074da4ea00, 0x000000074db00000| Untracked 
| 191|0x000000074db00000, 0x000000074db00000, 0x000000074dc00000|  0%| F|  |TAMS 0x000000074db00000, 0x000000074db00000| Untracked 

Card table byte_map: [0x0000025fc0bf0000,0x0000025fc11f0000] _byte_map_base: 0x0000025fbd1e2000

Marking Bits (Prev, Next): (CMBitMap*) 0x0000025fa9249188, (CMBitMap*) 0x0000025fa92491c8
 Prev Bits: [0x0000025fc17f0000, 0x0000025fc4780000)
 Next Bits: [0x0000025fc4780000, 0x0000025fc7710000)

Polling page: 0x0000025fa7020000

Metaspace:

Usage:
  Non-class:     47.72 MB capacity,    46.74 MB ( 98%) used,   802.43 KB (  2%) free+waste,   197.19 KB ( <1%) overhead. 
      Class:      8.10 MB capacity,     7.49 MB ( 92%) used,   526.81 KB (  6%) free+waste,    96.50 KB (  1%) overhead. 
       Both:     55.82 MB capacity,    54.24 MB ( 97%) used,     1.30 MB (  2%) free+waste,   293.69 KB ( <1%) overhead. 

Virtual space:
  Non-class space:       48.00 MB reserved,      47.90 MB (>99%) committed 
      Class space:        1.00 GB reserved,       8.13 MB ( <1%) committed 
             Both:        1.05 GB reserved,      56.03 MB (  5%) committed 

Chunk freelists:
   Non-Class:  128 bytes
       Class:  2.75 KB
        Both:  2.88 KB

CodeHeap 'non-profiled nmethods': size=238912Kb used=12930Kb max_used=12930Kb free=225981Kb
 bounds [0x0000025fb1ca0000, 0x0000025fb2950000, 0x0000025fc05f0000]
CodeHeap 'non-nmethods': size=6848Kb used=1255Kb max_used=1255Kb free=5592Kb
 bounds [0x0000025fb15f0000, 0x0000025fb1860000, 0x0000025fb1ca0000]
 total_blobs=7969 nmethods=7321 adapters=534
 compilation: enabled
              stopped_count=0, restarted_count=0
 full_count=0

Compilation events (10 events):
Event: 358.358 Thread 0x0000025fca55f000 7341       1       java.util.Calendar::setTimeInMillis (84 bytes)
Event: 358.359 Thread 0x0000025fca55f000 nmethod 7341 0x0000025fb293de10 code [0x0000025fb293dfe0, 0x0000025fb293e250]
Event: 389.664 Thread 0x0000025fca55f000 7342       1       org.apache.catalina.valves.ValveBase::backgroundProcess (1 bytes)
Event: 389.664 Thread 0x0000025fca55f000 nmethod 7342 0x0000025fb293e310 code [0x0000025fb293e4c0, 0x0000025fb293e5f8]
Event: 436.456 Thread 0x0000025fca55f000 7343       1       java.util.concurrent.locks.AbstractQueuedSynchronizer$Node::<init> (20 bytes)
Event: 436.457 Thread 0x0000025fca55f000 nmethod 7343 0x0000025fb293e690 code [0x0000025fb293e8a0, 0x0000025fb293ed40]
Event: 444.455 Thread 0x0000025fca55f000 7344       1       java.util.concurrent.locks.AbstractQueuedSynchronizer::addWaiter (46 bytes)
Event: 444.457 Thread 0x0000025fca55f000 nmethod 7344 0x0000025fb293ef10 code [0x0000025fb293f1a0, 0x0000025fb293fdc0]
Event: 459.678 Thread 0x0000025fca55f000 7345   !   1       org.apache.catalina.core.ContainerBase::findChildren (42 bytes)
Event: 459.679 Thread 0x0000025fca55f000 nmethod 7345 0x0000025fb2940310 code [0x0000025fb2940500, 0x0000025fb2940980]

GC Heap History (10 events):
Event: 327.950 GC heap before
{Heap before GC invocations=75 (full 0):
 garbage-first heap   total 196608K, used 145717K [0x0000000741c00000, 0x0000000800000000)
  region size 1024K, 76 young (77824K), 1 survivors (1024K)
 Metaspace       used 55529K, capacity 57158K, committed 57372K, reserved 1097728K
  class space    used 7673K, capacity 8297K, committed 8320K, reserved 1048576K
}
Event: 327.950 GC heap after
{Heap after GC invocations=76 (full 0):
 garbage-first heap   total 196608K, used 69002K [0x0000000741c00000, 0x0000000800000000)
  region size 1024K, 1 young (1024K), 1 survivors (1024K)
 Metaspace       used 55529K, capacity 57158K, committed 57372K, reserved 1097728K
  class space    used 7673K, capacity 8297K, committed 8320K, reserved 1048576K
}
Event: 333.432 GC heap before
{Heap before GC invocations=76 (full 0):
 garbage-first heap   total 196608K, used 150922K [0x0000000741c00000, 0x0000000800000000)
  region size 1024K, 81 young (82944K), 1 survivors (1024K)
 Metaspace       used 55529K, capacity 57158K, committed 57372K, reserved 1097728K
  class space    used 7673K, capacity 8297K, committed 8320K, reserved 1048576K
}
Event: 333.433 GC heap after
{Heap after GC invocations=77 (full 0):
 garbage-first heap   total 196608K, used 69012K [0x0000000741c00000, 0x0000000800000000)
  region size 1024K, 1 young (1024K), 1 survivors (1024K)
 Metaspace       used 55529K, capacity 57158K, committed 57372K, reserved 1097728K
  class space    used 7673K, capacity 8297K, committed 8320K, reserved 1048576K
}
Event: 348.121 GC heap before
{Heap before GC invocations=77 (full 0):
 garbage-first heap   total 196608K, used 155028K [0x0000000741c00000, 0x0000000800000000)
  region size 1024K, 85 young (87040K), 1 survivors (1024K)
 Metaspace       used 55529K, capacity 57158K, committed 57372K, reserved 1097728K
  class space    used 7673K, capacity 8297K, committed 8320K, reserved 1048576K
}
Event: 348.122 GC heap after
{Heap after GC invocations=78 (full 0):
 garbage-first heap   total 196608K, used 69026K [0x0000000741c00000, 0x0000000800000000)
  region size 1024K, 1 young (1024K), 1 survivors (1024K)
 Metaspace       used 55529K, capacity 57158K, committed 57372K, reserved 1097728K
  class space    used 7673K, capacity 8297K, committed 8320K, reserved 1048576K
}
Event: 356.768 GC heap before
{Heap before GC invocations=78 (full 0):
 garbage-first heap   total 196608K, used 158114K [0x0000000741c00000, 0x0000000800000000)
  region size 1024K, 88 young (90112K), 1 survivors (1024K)
 Metaspace       used 55529K, capacity 57158K, committed 57372K, reserved 1097728K
  class space    used 7673K, capacity 8297K, committed 8320K, reserved 1048576K
}
Event: 356.769 GC heap after
{Heap after GC invocations=79 (full 0):
 garbage-first heap   total 196608K, used 69019K [0x0000000741c00000, 0x0000000800000000)
  region size 1024K, 1 young (1024K), 1 survivors (1024K)
 Metaspace       used 55529K, capacity 57158K, committed 57372K, reserved 1097728K
  class space    used 7673K, capacity 8297K, committed 8320K, reserved 1048576K
}
Event: 517.095 GC heap before
{Heap before GC invocations=79 (full 0):
 garbage-first heap   total 196608K, used 105883K [0x0000000741c00000, 0x0000000800000000)
  region size 1024K, 38 young (38912K), 1 survivors (1024K)
 Metaspace       used 55538K, capacity 57161K, committed 57372K, reserved 1097728K
  class space    used 7674K, capacity 8298K, committed 8320K, reserved 1048576K
}
Event: 517.097 GC heap after
{Heap after GC invocations=80 (full 0):
 garbage-first heap   total 196608K, used 69025K [0x0000000741c00000, 0x0000000800000000)
  region size 1024K, 1 young (1024K), 1 survivors (1024K)
 Metaspace       used 55538K, capacity 57161K, committed 57372K, reserved 1097728K
  class space    used 7674K, capacity 8298K, committed 8320K, reserved 1048576K
}

Deoptimization events (0 events):
No events

Classes redefined (0 events):
No events

Internal exceptions (10 events):
Event: 10.576 Thread 0x0000025fcaf60800 Exception <a 'java/lang/ClassNotFoundException'{0x00000007446e4980}: org/springframework/context/annotation/ImportAwareCustomizer> (0x00000007446e4980) thrown at [t:/workspace/open/src/hotspot/share/classfile/systemDictionary.cpp, line 235]
Event: 10.580 Thread 0x0000025fcaf60800 Exception <a 'java/lang/ClassNotFoundException'{0x00000007446f4030}: org/springframework/beans/factory/AwareCustomizer> (0x00000007446f4030) thrown at [t:/workspace/open/src/hotspot/share/classfile/systemDictionary.cpp, line 235]
Event: 10.580 Thread 0x0000025fcaf60800 Exception <a 'java/lang/ClassNotFoundException'{0x0000000744504678}: org/springframework/beans/factory/BeanClassLoaderAwareCustomizer> (0x0000000744504678) thrown at [t:/workspace/open/src/hotspot/share/classfile/systemDictionary.cpp, line 235]
Event: 10.582 Thread 0x0000025fcaf60800 Exception <a 'java/lang/ClassNotFoundException'{0x0000000744513af0}: org/springframework/beans/factory/AwareCustomizer> (0x0000000744513af0) thrown at [t:/workspace/open/src/hotspot/share/classfile/systemDictionary.cpp, line 235]
Event: 11.003 Thread 0x0000025fcaf60800 Exception <a 'java/lang/IncompatibleClassChangeError'{0x0000000744bd6200}: Found class java.lang.Object, but interface was expected> (0x0000000744bd6200) thrown at [t:/workspace/open/src/hotspot/share/interpreter/linkResolver.cpp, line 843]
Event: 11.082 Thread 0x0000025fcaf60800 Exception <a 'java/lang/NoSuchMethodError'{0x00000007448ce788}: java.lang.invoke.DirectMethodHandle$Holder.invokeInterface(Ljava/lang/Object;Ljava/lang/Object;Ljava/lang/Object;Ljava/lang/Object;)Ljava/lang/Object;> (0x00000007448ce788) thrown at [t:/work
Event: 11.143 Thread 0x0000025fcaf60800 Exception <a 'java/lang/NoSuchMethodError'{0x00000007444107d8}: java.lang.invoke.DirectMethodHandle$Holder.invokeVirtual(Ljava/lang/Object;Ljava/lang/Object;I)V> (0x00000007444107d8) thrown at [t:/workspace/open/src/hotspot/share/interpreter/linkResolver.
Event: 11.218 Thread 0x0000025fcaf60800 Exception <a 'java/lang/NoSuchMethodError'{0x00000007441ac430}: java.lang.invoke.DirectMethodHandle$Holder.invokeStaticInit(Ljava/lang/Object;Ljava/lang/Object;Ljava/lang/Object;Ljava/lang/Object;)I> (0x00000007441ac430) thrown at [t:/workspace/open/src/h
Event: 18.615 Thread 0x0000025fcc51c800 Exception <a 'sun/nio/fs/WindowsException'{0x0000000744fa3130}> (0x0000000744fa3130) thrown at [t:/workspace/open/src/hotspot/share/prims/jni.cpp, line 615]
Event: 18.902 Thread 0x0000025fcc51c800 Exception <a 'java/lang/NoSuchMethodError'{0x000000074a6751d8}: java.lang.invoke.DirectMethodHandle$Holder.invokeStaticInit(Ljava/lang/Object;Ljava/lang/Object;Ljava/lang/Object;)V> (0x000000074a6751d8) thrown at [t:/workspace/open/src/hotspot/share/inter

Events (10 events):
Event: 333.433 Executing VM operation: G1CollectForAllocation done
Event: 348.121 Executing VM operation: G1CollectForAllocation
Event: 348.122 Executing VM operation: G1CollectForAllocation done
Event: 356.768 Executing VM operation: G1CollectForAllocation
Event: 356.769 Executing VM operation: G1CollectForAllocation done
Event: 517.059 loading class org/springframework/boot/devtools/filewatch/ChangedFile$Type
Event: 517.059 loading class org/springframework/boot/devtools/filewatch/ChangedFile$Type done
Event: 517.072 loading class org/springframework/boot/devtools/filewatch/ChangedFiles
Event: 517.072 loading class org/springframework/boot/devtools/filewatch/ChangedFiles done
Event: 517.095 Executing VM operation: CollectForMetadataAllocation


Dynamic libraries:
0x00007ff7d2fa0000 - 0x00007ff7d2faf000 	C:\Program Files\Java\jdk-12.0.1\bin\java.exe
0x00007ffc11d10000 - 0x00007ffc11ef1000 	C:\WINDOWS\SYSTEM32\ntdll.dll
0x00007ffc11890000 - 0x00007ffc11941000 	C:\WINDOWS\System32\KERNEL32.DLL
0x00007ffc0e420000 - 0x00007ffc0e693000 	C:\WINDOWS\System32\KERNELBASE.dll
0x00007ffc0e6a0000 - 0x00007ffc0e798000 	C:\WINDOWS\System32\ucrtbase.dll
0x00007ffc07fb0000 - 0x00007ffc07fc8000 	C:\Program Files\Java\jdk-12.0.1\bin\jli.dll
0x00007ffc117e0000 - 0x00007ffc11881000 	C:\WINDOWS\System32\ADVAPI32.dll
0x00007ffc10c70000 - 0x00007ffc10d0e000 	C:\WINDOWS\System32\msvcrt.dll
0x00007ffc115d0000 - 0x00007ffc1162b000 	C:\WINDOWS\System32\sechost.dll
0x00007ffc0f5b0000 - 0x00007ffc0f6d4000 	C:\WINDOWS\System32\RPCRT4.dll
0x00007ffc0f1b0000 - 0x00007ffc0f340000 	C:\WINDOWS\System32\USER32.dll
0x00007ffc0e0e0000 - 0x00007ffc0e100000 	C:\WINDOWS\System32\win32u.dll
0x00007ffc10de0000 - 0x00007ffc10e08000 	C:\WINDOWS\System32\GDI32.dll
0x00007ffc0e280000 - 0x00007ffc0e411000 	C:\WINDOWS\System32\gdi32full.dll
0x00007ffc0e7a0000 - 0x00007ffc0e83f000 	C:\WINDOWS\System32\msvcp_win.dll
0x00007ffc0a250000 - 0x00007ffc0a266000 	C:\Program Files\Java\jdk-12.0.1\bin\VCRUNTIME140.dll
0x00007ffbfd230000 - 0x00007ffbfd499000 	C:\WINDOWS\WinSxS\amd64_microsoft.windows.common-controls_6595b64144ccf1df_6.0.17134.885_none_fb42a3473065565f\COMCTL32.dll
0x00007ffc119b0000 - 0x00007ffc11cd2000 	C:\WINDOWS\System32\combase.dll
0x00007ffc0e1b0000 - 0x00007ffc0e229000 	C:\WINDOWS\System32\bcryptPrimitives.dll
0x00007ffc05f00000 - 0x00007ffc05f0a000 	C:\WINDOWS\SYSTEM32\VERSION.dll
0x00007ffc10c10000 - 0x00007ffc10c3d000 	C:\WINDOWS\System32\IMM32.DLL
0x00007ffbfb810000 - 0x00007ffbfb8ba000 	C:\Program Files\Java\jdk-12.0.1\bin\msvcp140.dll
0x00007ffbc4fd0000 - 0x00007ffbc5b44000 	C:\Program Files\Java\jdk-12.0.1\bin\server\jvm.dll
0x00007ffc0f1a0000 - 0x00007ffc0f1a8000 	C:\WINDOWS\System32\PSAPI.DLL
0x00007ffbfb0a0000 - 0x00007ffbfb0a9000 	C:\WINDOWS\SYSTEM32\WSOCK32.dll
0x00007ffc10d70000 - 0x00007ffc10ddc000 	C:\WINDOWS\System32\WS2_32.dll
0x00007ffc09e40000 - 0x00007ffc09e63000 	C:\WINDOWS\SYSTEM32\WINMM.dll
0x00007ffc09c50000 - 0x00007ffc09c7a000 	C:\WINDOWS\SYSTEM32\WINMMBASE.dll
0x00007ffc0e230000 - 0x00007ffc0e279000 	C:\WINDOWS\System32\cfgmgr32.dll
0x00007ffc0e0c0000 - 0x00007ffc0e0d1000 	C:\WINDOWS\System32\kernel.appcore.dll
0x00007ffc07f90000 - 0x00007ffc07fa1000 	C:\Program Files\Java\jdk-12.0.1\bin\verify.dll
0x00007ffc0ca40000 - 0x00007ffc0cc09000 	C:\WINDOWS\SYSTEM32\DBGHELP.DLL
0x00007ffbf9640000 - 0x00007ffbf9669000 	C:\WINDOWS\SYSTEM32\dbgcore.DLL
0x00007ffc037c0000 - 0x00007ffc037e6000 	C:\Program Files\Java\jdk-12.0.1\bin\java.dll
0x00007ffc07ec0000 - 0x00007ffc07ece000 	C:\Program Files\Java\jdk-12.0.1\bin\instrument.dll
0x00007ffc07e50000 - 0x00007ffc07e67000 	C:\Program Files\Java\jdk-12.0.1\bin\zip.dll
0x00007ffc06000000 - 0x00007ffc0600a000 	C:\Program Files\Java\jdk-12.0.1\bin\jimage.dll
0x00007ffc0f7d0000 - 0x00007ffc10c10000 	C:\WINDOWS\System32\SHELL32.dll
0x00007ffc0f500000 - 0x00007ffc0f5a9000 	C:\WINDOWS\System32\shcore.dll
0x00007ffc0e840000 - 0x00007ffc0ef4d000 	C:\WINDOWS\System32\windows.storage.dll
0x00007ffc10d10000 - 0x00007ffc10d61000 	C:\WINDOWS\System32\shlwapi.dll
0x00007ffc0e020000 - 0x00007ffc0e03f000 	C:\WINDOWS\System32\profapi.dll
0x00007ffc0e070000 - 0x00007ffc0e0bc000 	C:\WINDOWS\System32\powrprof.dll
0x00007ffc0e060000 - 0x00007ffc0e06a000 	C:\WINDOWS\System32\FLTLIB.DLL
0x00007ffc034f0000 - 0x00007ffc03509000 	C:\Program Files\Java\jdk-12.0.1\bin\net.dll
0x00007ffc03140000 - 0x00007ffc0321d000 	C:\WINDOWS\SYSTEM32\WINHTTP.dll
0x00007ffbff4e0000 - 0x00007ffbff6a9000 	C:\WINDOWS\SYSTEM32\urlmon.dll
0x00007ffbff950000 - 0x00007ffbffbf6000 	C:\WINDOWS\SYSTEM32\iertutil.dll
0x00007ffc0da70000 - 0x00007ffc0da7b000 	C:\WINDOWS\SYSTEM32\CRYPTBASE.DLL
0x00007ffc0d8a0000 - 0x00007ffc0d906000 	C:\WINDOWS\system32\mswsock.dll
0x00007ffc034d0000 - 0x00007ffc034e3000 	C:\Program Files\Java\jdk-12.0.1\bin\nio.dll
0x00007ffbfbe30000 - 0x00007ffbfbe4a000 	C:\Program Files\JetBrains\IntelliJ IDEA 2019.2.4\bin\breakgen64.dll
0x00007ffc0d670000 - 0x00007ffc0d72e000 	C:\WINDOWS\SYSTEM32\DNSAPI.dll
0x00007ffc117d0000 - 0x00007ffc117d8000 	C:\WINDOWS\System32\NSI.dll
0x00007ffc0d630000 - 0x00007ffc0d668000 	C:\WINDOWS\SYSTEM32\IPHLPAPI.DLL
0x00007ffbfc2d0000 - 0x00007ffbfc2da000 	C:\Windows\System32\rasadhlp.dll
0x00007ffbfc7f0000 - 0x00007ffbfc862000 	C:\WINDOWS\System32\fwpuclnt.dll
0x00007ffc0db80000 - 0x00007ffc0dba5000 	C:\WINDOWS\SYSTEM32\bcrypt.dll
0x00007ffc05ff0000 - 0x00007ffc05ff9000 	C:\Program Files\Java\jdk-12.0.1\bin\management.dll
0x00007ffc037b0000 - 0x00007ffc037bc000 	C:\Program Files\Java\jdk-12.0.1\bin\management_ext.dll
0x00007ffc0da50000 - 0x00007ffc0da67000 	C:\WINDOWS\SYSTEM32\CRYPTSP.dll
0x00007ffc0d490000 - 0x00007ffc0d4c3000 	C:\WINDOWS\system32\rsaenh.dll
0x00007ffc0df50000 - 0x00007ffc0df78000 	C:\WINDOWS\SYSTEM32\USERENV.dll
0x00007ffc00f30000 - 0x00007ffc00f46000 	C:\WINDOWS\SYSTEM32\dhcpcsvc6.DLL
0x00007ffc02b10000 - 0x00007ffc02b2a000 	C:\WINDOWS\SYSTEM32\dhcpcsvc.DLL
0x00007ffbdca80000 - 0x00007ffbdca96000 	C:\WINDOWS\system32\napinsp.dll
0x00007ffbdca60000 - 0x00007ffbdca7a000 	C:\WINDOWS\system32\pnrpnsp.dll
0x00007ffc0a0c0000 - 0x00007ffc0a0d9000 	C:\WINDOWS\system32\NLAapi.dll
0x00007ffbe2e00000 - 0x00007ffbe2e0e000 	C:\WINDOWS\System32\winrnr.dll
0x00007ffc03870000 - 0x00007ffc03885000 	C:\WINDOWS\System32\wshbth.dll
0x00007ffc034c0000 - 0x00007ffc034ce000 	C:\Program Files\Java\jdk-12.0.1\bin\sunmscapi.dll
0x00007ffc0ef50000 - 0x00007ffc0f132000 	C:\WINDOWS\System32\CRYPT32.dll
0x00007ffc0e040000 - 0x00007ffc0e052000 	C:\WINDOWS\System32\MSASN1.dll
0x00007ffc0db50000 - 0x00007ffc0db76000 	C:\WINDOWS\SYSTEM32\ncrypt.dll
0x00007ffc0db10000 - 0x00007ffc0db46000 	C:\WINDOWS\SYSTEM32\NTASN1.dll
0x00007ffbfb7e0000 - 0x00007ffbfb807000 	C:\Program Files\Java\jdk-12.0.1\bin\sunec.dll

dbghelp: loaded successfully - version: 4.0.5 - missing functions: none
symbol engine: initialized successfully - sym options: 0x614 - pdb path: .;C:\Program Files\Java\jdk-12.0.1\bin;C:\WINDOWS\SYSTEM32;C:\WINDOWS\WinSxS\amd64_microsoft.windows.common-controls_6595b64144ccf1df_6.0.17134.885_none_fb42a3473065565f;C:\Program Files\Java\jdk-12.0.1\bin\server;C:\Program Files\JetBrains\IntelliJ IDEA 2019.2.4\bin

VM Arguments:
jvm_args: -XX:TieredStopAtLevel=1 -Xverify:none -Dspring.output.ansi.enabled=always -Dcom.sun.management.jmxremote -Dspring.jmx.enabled=true -Dspring.liveBeansView.mbeanDomain -Dspring.application.admin.enabled=true -javaagent:C:\Program Files\JetBrains\IntelliJ IDEA 2019.2.4\lib\idea_rt.jar=60353:C:\Program Files\JetBrains\IntelliJ IDEA 2019.2.4\bin -Dfile.encoding=UTF-8 
java_command: com.myip.labs.LabsApplication
java_class_path (initial): C:\Users\\Desktop\\5 \ \BackWeb\target\classes;C:\Users\\.m2\repository\org\springframework\boot\spring-boot-starter-data-jpa\2.2.1.RELEASE\spring-boot-starter-data-jpa-2.2.1.RELEASE.jar;C:\Users\\.m2\repository\org\springframework\boot\spring-boot-starter-aop\2.2.1.RELEASE\spring-boot-starter-aop-2.2.1.RELEASE.jar;C:\Users\\.m2\repository\org\aspectj\aspectjweaver\1.9.4\aspectjweaver-1.9.4.jar;C:\Users\\.m2\repository\org\springframework\boot\spring-boot-starter-jdbc\2.2.1.RELEASE\spring-boot-starter-jdbc-2.2.1.RELEASE.jar;C:\Users\\.m2\repository\com\zaxxer\HikariCP\3.4.1\HikariCP-3.4.1.jar;C:\Users\\.m2\repository\org\springframework\spring-jdbc\5.2.1.RELEASE\spring-jdbc-5.2.1.RELEASE.jar;C:\Users\\.m2\repository\jakarta\activation\jakarta.activation-api\1.2.1\jakarta.activation-api-1.2.1.jar;C:\Users\\.m2\repository\jakarta\persistence\jakarta.persistence-api\2.2.3\jakarta.persistence-api-2.2.3.jar;C:\Users\\.m2\repository\jakarta\transaction\jakarta.transaction-api\1.3.3\jakarta.transaction-api-1.3.3.jar;C:\Users\\.m2\repository\org\hibernate\hibernate-core\5.4.8.Final\hibernate-core-5.4.8.Final.jar;C:\Users\\.m2\repository\org\jboss\logging\jboss-logging\3.4.1.Final\jboss-logging-3.4.1.Final.jar;C:\Users\\.m2\repository\org\javassist\javassist\3.24.0-GA\javassist-3.24.0-GA.jar;C:\Users\\.m2\repository\net\bytebuddy\byte-buddy\1.10.2\byte-buddy-1.10.2.jar;C:\Users\\.m2\repository\antlr\antlr\2.7.7\antlr-2.7.7.jar;C:\Users\\.m2\repository\org\jboss\jandex\2.0.5.Final\jandex-2.0.5.Final.jar;C:\Users\\.m2\repository\com\fasterxml\classmate\1.5.1\classmate-1.5.1.jar;C:\Users\\.m2\repository\org\dom4j\dom4j\2.1.1\dom4j-2.1.1.jar;C:\Users\\.m2\repository\org\hibernate\common\hibernate-commons-annotations\5.1.0.Final\hibernate-commons-annotations-5.1.0.Final.jar;C:\Users\\.m2\repository\org\glassfish\jaxb\
Launcher Type: SUN_STANDARD

[Global flags]
     bool BytecodeVerificationLocal                = false                                     {product} {command line}
     bool BytecodeVerificationRemote               = false                                     {product} {command line}
     intx CICompilerCount                          = 3                                         {product} {ergonomic}
     uint ConcGCThreads                            = 1                                         {product} {ergonomic}
     uint G1ConcRefinementThreads                  = 4                                         {product} {ergonomic}
   size_t G1HeapRegionSize                         = 1048576                                   {product} {ergonomic}
    uintx GCDrainStackTargetSize                   = 64                                        {product} {ergonomic}
   size_t InitialHeapSize                          = 201326592                                 {product} {ergonomic}
     bool ManagementServer                         = true                                      {product} {command line}
   size_t MarkStackSize                            = 4194304                                   {product} {ergonomic}
   size_t MaxHeapSize                              = 3191865344                                {product} {ergonomic}
   size_t MaxNewSize                               = 1914699776                                {product} {ergonomic}
   size_t MinHeapDeltaBytes                        = 1048576                                   {product} {ergonomic}
    uintx NonNMethodCodeHeapSize                   = 6973028                                {pd product} {ergonomic}
    uintx NonProfiledCodeHeapSize                  = 244685212                              {pd product} {ergonomic}
    uintx ProfiledCodeHeapSize                     = 0                                      {pd product} {ergonomic}
    uintx ReservedCodeCacheSize                    = 251658240                              {pd product} {ergonomic}
     bool SegmentedCodeCache                       = true                                      {product} {ergonomic}
     intx TieredStopAtLevel                        = 1                                         {product} {command line}
     bool UseCompressedClassPointers               = true                                 {lp64_product} {ergonomic}
     bool UseCompressedOops                        = true                                 {lp64_product} {ergonomic}
     bool UseG1GC                                  = true                                      {product} {ergonomic}
     bool UseLargePagesIndividualAllocation        = false                                  {pd product} {ergonomic}

Logging:
Log output configuration:
 #0: stdout all=warning uptime,level,tags
 #1: stderr all=off uptime,level,tags

Environment Variables:
PATH=C:\Program Files (x86)\Common Files\Oracle\Java\javapath;C:\Program Files\NVIDIA GPU Computing Toolkit\CUDA\v9.0\bin;C:\Program Files\NVIDIA GPU Computing Toolkit\CUDA\v9.0\libnvvp;C:\Program Files (x86)\Python36-32\Scripts\;C:\Program Files (x86)\Python36-32\;C:\Program Files (x86)\Intel\iCLS Client\;C:\Program Files\Intel\iCLS Client\;C:\Windows\system32;C:\Windows;C:\Windows\System32\Wbem;C:\Windows\System32\WindowsPowerShell\v1.0\;C:\Program Files (x86)\Intel\Intel(R) Management Engine Components\DAL;C:\Program Files\Intel\Intel(R) Management Engine Components\DAL;C:\Program Files (x86)\Intel\Intel(R) Management Engine Components\IPT;C:\Program Files\Intel\Intel(R) Management Engine Components\IPT;C:\Program Files (x86)\Xoreax\IncrediBuild;C:\WINDOWS\system32;C:\WINDOWS;C:\WINDOWS\System32\Wbem;C:\WINDOWS\System32\WindowsPowerShell\v1.0\;C:\WINDOWS\system32;C:\WINDOWS;C:\WINDOWS\System32\Wbem;C:\WINDOWS\System32\WindowsPowerShell\v1.0\;C:\WINDOWS\System32\OpenSSH\;C:\Program Files\Intel\WiFi\bin\;C:\Program Files\Common Files\Intel\WirelessCommon\;C:\Program Files\Git\cmd;C:\Program Files\Microsoft SQL Server\Client SDK\ODBC\130\Tools\Binn\;C:\Program Files (x86)\Microsoft SQL Server\130\Tools\Binn\;C:\Program Files\Microsoft SQL Server\130\Tools\Binn\;C:\Program Files\Microsoft SQL Server\130\DTS\Binn\;C:\Program Files\dotnet\;C:\Program Files (x86)\Microsoft SQL Server\150\DTS\Binn\;C:\Program Files\nodejs\;C:\Users\\AppData\Local\Microsoft\WindowsApps;C:\Users\\AppData\Local\Microsoft\WindowsApps;C:\Program Files\PostgreSQL\11\bin;C:\Users\\AppData\Roaming\npm;C:\Program Files\JetBrains\PyCharm 2019.3\bin;
USERNAME=
OS=Windows_NT
PROCESSOR_IDENTIFIER=Intel64 Family 6 Model 142 Stepping 9, GenuineIntel



---------------  S Y S T E M  ---------------

OS: Windows 10 , 64 bit Build 17134 (10.0.17134.753)

CPU:total 4 (initial active 4) (2 cores per cpu, 2 threads per core) family 6 model 142 stepping 9, cmov, cx8, fxsr, mmx, sse, sse2, sse3, ssse3, sse4.1, sse4.2, popcnt, avx, avx2, aes, clmul, erms, 3dnowpref, lzcnt, ht, tsc, tscinvbit, bmi1, bmi2, adx, fma

Memory: 4k page, system-wide physical 12174M (3223M free)
TotalPageFile size 19785M (AvailPageFile size 0M)
current process WorkingSet (physical memory assigned to process): 335M, peak: 335M
current process commit charge ("private bytes"): 363M, peak: 364M

vm_info: Java HotSpot(TM) 64-Bit Server VM (12.0.1+12) for windows-amd64 JRE (12.0.1+12), built on Apr  2 2019 14:02:19 by "mach5one" with MS VC++ 15.5 (VS2017)

END.
